<?xml version="1.0" encoding="UTF-8"?>
<testsuite name="rockpaperscissors.AppTest" tests="1" skipped="0" failures="0" errors="0" timestamp="2025-08-05T21:55:44" hostname="f2864f03d39e" time="0.005">
  <properties/>
  <testcase name="appHasAGreeting()" classname="rockpaperscissors.AppTest" time="0.005"/>
  <system-out><![CDATA[]]></system-out>
  <system-err><![CDATA[]]></system-err>
</testsuite>
